2025-07-09 13:08:43 [INFO] git_pre_commit_check:223 [info] - 开始Git提交前检查... [PID:19704 TID:7580]
2025-07-09 13:08:44 [INFO] git_pre_commit_check:223 [info] - 检查 0 个暂存文件 [PID:19704 TID:7580]
2025-07-09 13:08:44 [INFO] git_pre_commit_check:223 [info] - 检查project目录结构... [PID:19704 TID:7580]
2025-07-09 13:08:44 [INFO] git_pre_commit_check:223 [info] - 检查docs目录结构... [PID:19704 TID:7580]
2025-07-09 13:08:44 [INFO] git_pre_commit_check:223 [info] - 检查tools目录结构... [PID:19704 TID:7580]
2025-07-09 13:09:01 [INFO] git_pre_commit_check:223 [info] - 开始Git提交前检查... [PID:19500 TID:14012]
2025-07-09 13:09:01 [INFO] git_pre_commit_check:223 [info] - 检查 1 个暂存文件 [PID:19500 TID:14012]
2025-07-09 13:09:01 [INFO] git_pre_commit_check:223 [info] - 检查project目录结构... [PID:19500 TID:14012]
2025-07-09 13:09:01 [INFO] git_pre_commit_check:223 [info] - 检查docs目录结构... [PID:19500 TID:14012]
2025-07-09 13:09:01 [INFO] git_pre_commit_check:223 [info] - 检查tools目录结构... [PID:19500 TID:14012]
2025-07-09 13:13:00 [INFO] git_pre_commit_check:223 [info] - 开始Git提交前检查... [PID:3692 TID:17784]
2025-07-09 13:13:00 [INFO] git_pre_commit_check:223 [info] - 检查 3 个暂存文件 [PID:3692 TID:17784]
2025-07-09 13:13:00 [INFO] git_pre_commit_check:223 [info] - 检查project目录结构... [PID:3692 TID:17784]
2025-07-09 13:13:00 [INFO] git_pre_commit_check:223 [info] - 检查docs目录结构... [PID:3692 TID:17784]
2025-07-09 13:13:00 [INFO] git_pre_commit_check:223 [info] - 检查tools目录结构... [PID:3692 TID:17784]
2025-07-09 13:13:18 [INFO] git_pre_commit_check:223 [info] - 开始Git提交前检查... [PID:19556 TID:17272]
2025-07-09 13:13:19 [INFO] git_pre_commit_check:223 [info] - 检查 3 个暂存文件 [PID:19556 TID:17272]
2025-07-09 13:13:19 [INFO] git_pre_commit_check:223 [info] - 检查project目录结构... [PID:19556 TID:17272]
2025-07-09 13:13:19 [INFO] git_pre_commit_check:223 [info] - 检查docs目录结构... [PID:19556 TID:17272]
2025-07-09 13:13:19 [INFO] git_pre_commit_check:223 [info] - 检查tools目录结构... [PID:19556 TID:17272]
